0 info it worked if it ends with ok
1 verbose cli [ 'C:\\Program Files\\nodejs\\node.exe',
1 verbose cli   'C:\\Program Files\\nodejs\\node_modules\\npm\\bin\\npm-cli.js',
1 verbose cli   'publish' ]
2 info using npm@3.10.10
3 info using node@v6.11.1
4 verbose publish [ '.' ]
5 silly cache add args [ '.', null ]
6 verbose cache add spec .
7 silly cache add parsed spec Result {
7 silly cache add   raw: '.',
7 silly cache add   scope: null,
7 silly cache add   escapedName: null,
7 silly cache add   name: null,
7 silly cache add   rawSpec: '.',
7 silly cache add   spec: 'C:\\ProjetosPrivados\\webhd-node-api-rest',
7 silly cache add   type: 'directory' }
8 verbose addLocalDirectory C:\Users\marcus.freire\AppData\Roaming\npm-cache\webhd-node-api-rest\1.0.8\package.tgz not in flight; packing
9 verbose correctMkdir C:\Users\marcus.freire\AppData\Roaming\npm-cache correctMkdir not in flight; initializing
10 info lifecycle webhd-node-api-rest@1.0.8~prepublish: webhd-node-api-rest@1.0.8
11 silly lifecycle webhd-node-api-rest@1.0.8~prepublish: no script for prepublish, continuing
12 verbose tar pack [ 'C:\\Users\\marcus.freire\\AppData\\Roaming\\npm-cache\\webhd-node-api-rest\\1.0.8\\package.tgz',
12 verbose tar pack   'C:\\ProjetosPrivados\\webhd-node-api-rest' ]
13 verbose tarball C:\Users\marcus.freire\AppData\Roaming\npm-cache\webhd-node-api-rest\1.0.8\package.tgz
14 verbose folder C:\ProjetosPrivados\webhd-node-api-rest
15 verbose addLocalTarball adding from inside cache C:\Users\marcus.freire\AppData\Roaming\npm-cache\webhd-node-api-rest\1.0.8\package.tgz
16 verbose correctMkdir C:\Users\marcus.freire\AppData\Roaming\npm-cache correctMkdir not in flight; initializing
17 silly cache afterAdd webhd-node-api-rest@1.0.8
18 verbose afterAdd C:\Users\marcus.freire\AppData\Roaming\npm-cache\webhd-node-api-rest\1.0.8\package\package.json not in flight; writing
19 verbose correctMkdir C:\Users\marcus.freire\AppData\Roaming\npm-cache correctMkdir not in flight; initializing
20 verbose afterAdd C:\Users\marcus.freire\AppData\Roaming\npm-cache\webhd-node-api-rest\1.0.8\package\package.json written
21 silly publish { name: 'webhd-node-api-rest',
21 silly publish   version: '1.0.8',
21 silly publish   description: '',
21 silly publish   main: 'index.js',
21 silly publish   scripts: { test: 'echo "Error: no test specified" && exit 1' },
21 silly publish   repository:
21 silly publish    { type: 'git',
21 silly publish      url: 'git+https://github.com/mvofreire/webhd-node-api-rest.git' },
21 silly publish   author: { name: 'Webhd' },
21 silly publish   license: 'ISC',
21 silly publish   bugs: { url: 'https://github.com/mvofreire/webhd-node-api-rest/issues' },
21 silly publish   homepage: 'https://github.com/mvofreire/webhd-node-api-rest#readme',
21 silly publish   dependencies:
21 silly publish    { 'app-root-path': '^2.0.1',
21 silly publish      'import-dir': '0.0.1',
21 silly publish      koa: '^2.3.0',
21 silly publish      'koa-json': '^2.0.2',
21 silly publish      'koa-router': '^7.2.1',
21 silly publish      mysql2: '^1.4.2',
21 silly publish      sequelize: '^4.8.3' },
21 silly publish   devDependencies:
21 silly publish    { 'babel-core': '^6.26.0',
21 silly publish      'babel-plugin-transform-class-properties': '^6.24.1',
21 silly publish      'babel-preset-env': '^1.6.0',
21 silly publish      gulp: '^3.9.1',
21 silly publish      'gulp-babel': '^7.0.0',
21 silly publish      'gulp-concat': '^2.6.1',
21 silly publish      'gulp-uglify': '^3.0.0',
21 silly publish      jest: '^21.1.0' },
21 silly publish   gitHead: 'ba8956a130c5c2e6666c154dd6360edac2387341',
21 silly publish   readme: 'ERROR: No README data found!',
21 silly publish   _id: 'webhd-node-api-rest@1.0.8',
21 silly publish   _shasum: 'd1030da691fcacc813c4317331ac6110c31635a5',
21 silly publish   _from: '.' }
22 verbose getPublishConfig undefined
23 silly mapToRegistry name webhd-node-api-rest
24 silly mapToRegistry using default registry
25 silly mapToRegistry registry https://registry.npmjs.org/
26 silly mapToRegistry data Result {
26 silly mapToRegistry   raw: 'webhd-node-api-rest',
26 silly mapToRegistry   scope: null,
26 silly mapToRegistry   escapedName: 'webhd-node-api-rest',
26 silly mapToRegistry   name: 'webhd-node-api-rest',
26 silly mapToRegistry   rawSpec: '',
26 silly mapToRegistry   spec: 'latest',
26 silly mapToRegistry   type: 'tag' }
27 silly mapToRegistry uri https://registry.npmjs.org/webhd-node-api-rest
28 verbose publish registryBase https://registry.npmjs.org/
29 silly publish uploading C:\Users\marcus.freire\AppData\Roaming\npm-cache\webhd-node-api-rest\1.0.8\package.tgz
30 verbose request uri https://registry.npmjs.org/webhd-node-api-rest
31 verbose request sending authorization for write operation
32 info attempt registry request try #1 at 07:43:36
33 verbose request using bearer token for auth
34 verbose request id 81279c824aa9bf07
35 http request PUT https://registry.npmjs.org/webhd-node-api-rest
36 http 403 https://registry.npmjs.org/webhd-node-api-rest
37 verbose headers { 'content-type': 'application/json',
37 verbose headers   'cache-control': 'max-age=300',
37 verbose headers   'content-length': '91',
37 verbose headers   'accept-ranges': 'bytes',
37 verbose headers   date: 'Fri, 15 Sep 2017 10:43:37 GMT',
37 verbose headers   via: '1.1 varnish',
37 verbose headers   connection: 'keep-alive',
37 verbose headers   'x-served-by': 'cache-gru17133-GRU',
37 verbose headers   'x-cache': 'MISS',
37 verbose headers   'x-cache-hits': '0',
37 verbose headers   'x-timer': 'S1505472217.733844,VS0,VE992',
37 verbose headers   vary: 'Accept-Encoding, Accept' }
38 verbose request invalidating C:\Users\marcus.freire\AppData\Roaming\npm-cache\registry.npmjs.org\webhd-node-api-rest on PUT
39 error publish Failed PUT 403
40 verbose stack Error: You cannot publish over the previously published version 1.0.8. : webhd-node-api-rest
40 verbose stack     at makeError (C:\Program Files\nodejs\node_modules\npm\node_modules\npm-registry-client\lib\request.js:302:12)
40 verbose stack     at CachingRegistryClient.<anonymous> (C:\Program Files\nodejs\node_modules\npm\node_modules\npm-registry-client\lib\request.js:290:14)
40 verbose stack     at Request._callback (C:\Program Files\nodejs\node_modules\npm\node_modules\npm-registry-client\lib\request.js:210:14)
40 verbose stack     at Request.self.callback (C:\Program Files\nodejs\node_modules\npm\node_modules\request\request.js:187:22)
40 verbose stack     at emitTwo (events.js:106:13)
40 verbose stack     at Request.emit (events.js:191:7)
40 verbose stack     at Request.<anonymous> (C:\Program Files\nodejs\node_modules\npm\node_modules\request\request.js:1048:10)
40 verbose stack     at emitOne (events.js:96:13)
40 verbose stack     at Request.emit (events.js:188:7)
40 verbose stack     at IncomingMessage.<anonymous> (C:\Program Files\nodejs\node_modules\npm\node_modules\request\request.js:969:12)
41 verbose statusCode 403
42 verbose pkgid webhd-node-api-rest
43 verbose cwd C:\ProjetosPrivados\webhd-node-api-rest
44 error Windows_NT 10.0.15063
45 error argv "C:\\Program Files\\nodejs\\node.exe" "C:\\Program Files\\nodejs\\node_modules\\npm\\bin\\npm-cli.js" "publish"
46 error node v6.11.1
47 error npm  v3.10.10
48 error code E403
49 error You cannot publish over the previously published version 1.0.8. : webhd-node-api-rest
50 error If you need help, you may report this error at:
50 error     <https://github.com/npm/npm/issues>
51 verbose exit [ 1, true ]
